npm error code 1
npm error path C:\WebStorm-WorkSpace\jsm-saas-app\node_modules\@sentry\cli
npm error command failed
npm error command C:\Windows\system32\cmd.exe /d /s /c node ./scripts/install.js
npm error node:internal/modules/cjs/loader:497
npm error       throw err;
npm error       ^
npm error
npm error Error: Cannot find module 'C:\WebStorm-WorkSpace\jsm-saas-app\node_modules\ms\index'. Please verify that the package.json has a valid "main" entry
npm error     at tryPackage (node:internal/modules/cjs/loader:489:19)
npm error     at Module._findPath (node:internal/modules/cjs/loader:763:18)
npm error     at Module._resolveFilename (node:internal/modules/cjs/loader:1198:27)
npm error     at Module._load (node:internal/modules/cjs/loader:1043:27)
npm error     at Module.require (node:internal/modules/cjs/loader:1298:19)
npm error     at require (node:internal/modules/helpers:182:18)
npm error     at setup (C:\WebStorm-WorkSpace\jsm-saas-app\node_modules\debug\src\common.js:14:25)
npm error     at Object.<anonymous> (C:\WebStorm-WorkSpace\jsm-saas-app\node_modules\debug\src\node.js:240:37)
npm error     at Module._compile (node:internal/modules/cjs/loader:1529:14)
npm error     at Module._extensions..js (node:internal/modules/cjs/loader:1613:10) {
npm error   code: 'MODULE_NOT_FOUND',
npm error   path: 'C:\\WebStorm-WorkSpace\\jsm-saas-app\\node_modules\\ms\\package.json',
npm error   requestPath: 'ms'
npm error }
npm error
npm error Node.js v20.19.2
npm error A complete log of this run can be found in: C:\Users\arind\AppData\Local\npm-cache\_logs\2025-06-22T13_49_15_972Z-debug-0.log
